<?xml version="1.0" encoding="UTF-8"?>
<testng-results skipped="0" failed="0" total="1" passed="1">
  <reporter-output>
  </reporter-output>
  <suite name="Default suite" duration-ms="3136" started-at="2015-04-30T08:15:27Z" finished-at="2015-04-30T08:15:30Z">
    <groups>
    </groups>
    <test name="Default test" duration-ms="3136" started-at="2015-04-30T08:15:27Z" finished-at="2015-04-30T08:15:30Z">
      <class name="com.example.tests.ContactRemovalTests">
        <test-method status="PASS" signature="setUp()[pri:0, instance:com.example.tests.ContactRemovalTests@270421f5]" name="setUp" is-config="true" duration-ms="6" started-at="2015-04-30T11:15:27Z" finished-at="2015-04-30T11:15:27Z">
          <reporter-output>
          </reporter-output>
        </test-method> <!-- setUp -->
        <test-method status="PASS" signature="testContactCanBeRemoved()[pri:0, instance:com.example.tests.ContactRemovalTests@270421f5]" name="testContactCanBeRemoved" duration-ms="2958" started-at="2015-04-30T11:15:27Z" finished-at="2015-04-30T11:15:30Z">
          <reporter-output>
          </reporter-output>
        </test-method> <!-- testContactCanBeRemoved -->
        <test-method status="PASS" signature="tearDown()[pri:0, instance:com.example.tests.ContactRemovalTests@270421f5]" name="tearDown" is-config="true" duration-ms="164" started-at="2015-04-30T11:15:30Z" finished-at="2015-04-30T11:15:30Z">
          <reporter-output>
          </reporter-output>
        </test-method> <!-- tearDown -->
      </class> <!-- com.example.tests.ContactRemovalTests -->
    </test> <!-- Default test -->
  </suite> <!-- Default suite -->
</testng-results>
